// Created by Crowbar 0.29.0.0

  Decompiling ".\v_plasmarifle.mdl" ...
    Reading data ...
      Checking for required files ...
        Reading MDL file header ...
        ... Reading MDL file header finished.
      ... All required files found.
      Reading MDL file ...
      ... Reading MDL file finished.
      Reading VTX file ...
      ... Reading VTX file finished.
      Reading VVD file ...
      ... Reading VVD file finished.
    ... Reading data finished.
    Writing data ...
      Writing QC file ...
      ... Writing QC file finished.
      Writing reference mesh files ...
        Writing "v_plasmarifle_reference.smd" file ...
        ... Writing "v_plasmarifle_reference.smd" file finished.
      ... Writing reference mesh files finished.
      Writing LOD mesh files ...
      ... Writing LOD mesh files finished.
      Writing bone animation SMD files ...
        Writing "v_plasmarifle_anims\idle.smd" file ...
        ... Writing "v_plasmarifle_anims\idle.smd" file finished.
        Writing "v_plasmarifle_anims\melee.smd" file ...
        ... Writing "v_plasmarifle_anims\melee.smd" file finished.
        Writing "v_plasmarifle_anims\overheat.smd" file ...
        ... Writing "v_plasmarifle_anims\overheat.smd" file finished.
        Writing "v_plasmarifle_anims\reload.smd" file ...
        ... Writing "v_plasmarifle_anims\reload.smd" file finished.
        Writing "v_plasmarifle_anims\draw.smd" file ...
        ... Writing "v_plasmarifle_anims\draw.smd" file finished.
        Writing "v_plasmarifle_anims\fire.smd" file ...
        ... Writing "v_plasmarifle_anims\fire.smd" file finished.
        Writing "v_plasmarifle_anims\nade.smd" file ...
        ... Writing "v_plasmarifle_anims\nade.smd" file finished.
      ... Writing bone animation SMD files finished.
    ... Writing data finished.
  ... Decompiling ".\v_plasmarifle.mdl" finished.
